#
# A fatal error has been detected by the Java Runtime Environment:
#
#  EXCEPTION_ILLEGAL_INSTRUCTION (0xc000001d) at pc=0x00000000038599d1, pid=1224, tid=10012
#
# JRE version: Java(TM) SE Runtime Environment (8.0_45-b15) (build 1.8.0_45-b15)
# Java VM: Java HotSpot(TM) 64-Bit Server VM (25.45-b02 mixed mode windows-amd64 compressed oops)
# Problematic frame:
# J 16864 C2 org.gradle.api.internal.artifacts.configurations.DefaultConfiguration.getDisplayName()Ljava/lang/String; (36 bytes) @ 0x00000000038599d1 [0x0000000003859280+0x751]
#
# Failed to write core dump. Minidumps are not enabled by default on client versions of Windows
#
# If you would like to submit a bug report, please visit:
#   http://bugreport.java.com/bugreport/crash.jsp
#

---------------  T H R E A D  ---------------

Current thread (0x000000001d4d4800):  JavaThread "Daemon worker Thread 18" [_thread_in_Java, id=10012, stack(0x0000000035e70000,0x0000000035f70000)]

siginfo: ExceptionCode=0xc000001d

Registers:
RAX=0x0000000000000000, RBX=0x000000000000004e, RCX=0x00000000ed1afd70, RDX=0x00000000ed1afdd0
RSP=0x0000000035f6ac70, RBP=0x00000000ed1afdc0, RSI=0x0000000000000026, RDI=0x00000000ed1afe70
R8 =0x0000000000000026, R9 =0x000000000000000b, R10=0x00000000ed1afdd0, R11=0x000000000000000b
R12=0x0000000000000000, R13=0x0000000000000017, R14=0x00000000ed1afd30, R15=0x000000001d4d4800
RIP=0x00000000038599d1, EFLAGS=0x0000000000010246

Top of Stack: (sp=0x0000000035f6ac70)
0x0000000035f6ac70:   00000000c03a5070 00000000ed1afb00
0x0000000035f6ac80:   00000000ed1afb00 0000000000018a20
0x0000000035f6ac90:   00000000ed1afd40 0000000003817adc
0x0000000035f6aca0:   00000000ed1af460 ed1afd6000000000
0x0000000035f6acb0:   0000000035f6ad50 00000000ed1afa28
0x0000000035f6acc0:   00000000ed1afd18 00000000c369b5f0
0x0000000035f6acd0:   00000000ed1afa78 00000000ed1ae6a0
0x0000000035f6ace0:   000000001f8d0f58 000000000287ab71
0x0000000035f6acf0:   0000000035f6b258 0000000003823ebc
0x0000000035f6ad00:   000000001d4d4800 00000000ed1af838
0x0000000035f6ad10:   000000001d4d4800 00000000177a2048
0x0000000035f6ad20:   00000000ed1af838 000000005baa9667
0x0000000035f6ad30:   00000000177a2048 00000000c03609a0
0x0000000035f6ad40:   0000000100281cf0 00000000c03609a0
0x0000000035f6ad50:   00000000ed1af8f8 0000000035f6adc0
0x0000000035f6ad60:   0000000000000000 000000005b9eaa63 

Instructions: (pc=0x00000000038599d1)
0x00000000038599b1:   48 83 e1 f9 48 8b fd 48 03 f9 49 c1 e9 03 4d 2b
0x00000000038599c1:   d9 49 8b cb 48 33 c0 f3 48 ab 48 8b ca 49 8b d2
0x00000000038599d1:   49 9a 00 28 40 02 00 00 00 00 41 ff d2 e9 6e fd
0x00000000038599e1:   ff ff 4c 63 c6 4d 8b d8 49 d1 e3 49 83 c3 10 49 


Register to memory mapping:

RAX=0x0000000000000000 is an unknown value
RBX=0x000000000000004e is an unknown value
RCX=0x00000000ed1afd70 is an oop

[error occurred during error reporting (printing register info), id 0xc0000005]

Stack: [0x0000000035e70000,0x0000000035f70000],  sp=0x0000000035f6ac70,  free space=1003k
Native frames: (J=compiled Java code, j=interpreted, Vv=VM code, C=native code)
C  0x00000000038599d1


---------------  P R O C E S S  ---------------

Java Threads: ( => current thread )
  0x000000001d4ce800 JavaThread "Stdin handler" [_thread_blocked, id=7436, stack(0x0000000036c70000,0x0000000036d70000)]
  0x000000001d4d3000 JavaThread "Cancel handler" [_thread_blocked, id=1496, stack(0x0000000036b70000,0x0000000036c70000)]
  0x000000001d4d2000 JavaThread "Handler for socket connection from /127.0.0.1:59970 to /127.0.0.1:50094" [_thread_in_native, id=6208, stack(0x0000000036a70000,0x0000000036b70000)]
=>0x000000001d4d4800 JavaThread "Daemon worker Thread 18" [_thread_in_Java, id=10012, stack(0x0000000035e70000,0x0000000035f70000)]
  0x000000001d4d0800 JavaThread "Daemon Thread 18" [_thread_blocked, id=8860, stack(0x0000000035b70000,0x0000000035c70000)]
  0x0000000017515800 JavaThread "File lock request listener" [_thread_in_native, id=4596, stack(0x00000000192e0000,0x00000000193e0000)]
  0x0000000016ea4800 JavaThread "Incoming local TCP Connector on port 59970" [_thread_in_native, id=8044, stack(0x00000000184e0000,0x00000000185e0000)]
  0x0000000014ade000 JavaThread "Service Thread" daemon [_thread_blocked, id=5020, stack(0x00000000166d0000,0x00000000167d0000)]
  0x0000000014a88800 JavaThread "C1 CompilerThread2" daemon [_thread_blocked, id=3284, stack(0x00000000161d0000,0x00000000162d0000)]
  0x0000000014a82000 JavaThread "C2 CompilerThread1" daemon [_thread_blocked, id=6576, stack(0x00000000160d0000,0x00000000161d0000)]
  0x0000000014a7a800 JavaThread "C2 CompilerThread0" daemon [_thread_blocked, id=7420, stack(0x0000000015fd0000,0x00000000160d0000)]
  0x0000000014a78800 JavaThread "Attach Listener" daemon [_thread_blocked, id=8788, stack(0x0000000015ed0000,0x0000000015fd0000)]
  0x0000000014a77000 JavaThread "Signal Dispatcher" daemon [_thread_blocked, id=364, stack(0x0000000015dd0000,0x0000000015ed0000)]
  0x00000000023a1800 JavaThread "Finalizer" daemon [_thread_blocked, id=3908, stack(0x0000000015cd0000,0x0000000015dd0000)]
  0x000000000239e800 JavaThread "Reference Handler" daemon [_thread_blocked, id=8224, stack(0x0000000015bd0000,0x0000000015cd0000)]
  0x000000000210e800 JavaThread "main" [_thread_blocked, id=3200, stack(0x00000000021b0000,0x00000000022b0000)]

Other Threads:
  0x0000000014a48000 VMThread [stack: 0x0000000015ad0000,0x0000000015bd0000] [id=7560]
  0x0000000016308000 WatcherThread [stack: 0x00000000167d0000,0x00000000168d0000] [id=7324]

VM state:synchronizing (normal execution)

VM Mutex/Monitor currently owned by a thread:  ([mutex/lock_event])
[0x000000000210ded0] Safepoint_lock - owner thread: 0x0000000014a48000
[0x000000000210d350] Threads_lock - owner thread: 0x0000000014a48000

Heap:
 PSYoungGen      total 238592K, used 39783K [0x00000000eab00000, 0x00000000fd480000, 0x0000000100000000)
  eden space 237568K, 16% used [0x00000000eab00000,0x00000000ed1d9d90,0x00000000f9300000)
  from space 1024K, 0% used [0x00000000fa700000,0x00000000fa700000,0x00000000fa800000)
  to   space 26624K, 0% used [0x00000000fba80000,0x00000000fba80000,0x00000000fd480000)
 ParOldGen       total 98304K, used 56222K [0x00000000c0000000, 0x00000000c6000000, 0x00000000eab00000)
  object space 98304K, 57% used [0x00000000c0000000,0x00000000c36e7978,0x00000000c6000000)
 Metaspace       used 59830K, capacity 66318K, committed 67416K, reserved 1107968K
  class space    used 7835K, capacity 9606K, committed 9856K, reserved 1048576K

Card table byte_map: [0x0000000011770000,0x0000000011980000] byte_map_base: 0x0000000011170000

Marking Bits: (ParMarkBitMap*) 0x000000005c074040
 Begin Bits: [0x0000000011ee0000, 0x0000000012ee0000)
 End Bits:   [0x0000000012ee0000, 0x0000000013ee0000)

Polling page: 0x0000000002110000

CodeCache: size=245760Kb used=51637Kb max_used=52564Kb free=194122Kb
 bounds [0x00000000023b0000, 0x0000000005770000, 0x00000000113b0000]
 total_blobs=13395 nmethods=12684 adapters=621
 compilation: enabled

Compilation events (10 events):
Event: 6763.541 Thread 0x0000000014a7a800 17378   !   4       org.gradle.api.internal.artifacts.repositories.resolver.DefaultExternalResourceArtifactResolver::downloadStaticResource (142 bytes)
Event: 6763.662 Thread 0x0000000014a82000 17379       4       com.google.common.base.Preconditions::checkState (17 bytes)
Event: 6763.663 Thread 0x0000000014a82000 nmethod 17379 0x0000000002c80590 code [0x0000000002c806c0, 0x0000000002c80718]
Event: 6763.840 Thread 0x0000000014a88800 17380   !   3       com.google.common.cache.LocalCache$LoadingValueReference::loadFuture (122 bytes)
Event: 6763.844 Thread 0x0000000014a88800 nmethod 17380 0x00000000036b0790 code [0x00000000036b0a80, 0x00000000036b1da8]
Event: 6763.844 Thread 0x0000000014a88800 17381   !   3       com.google.common.cache.LocalCache$Segment::getAndRecordStats (134 bytes)
Event: 6763.847 Thread 0x0000000014a88800 nmethod 17381 0x00000000036c4c90 code [0x00000000036c4fe0, 0x00000000036c68b8]
Event: 6763.969 Thread 0x0000000014a82000 17382       4       java.lang.Class::reflectionData (49 bytes)
Event: 6763.969 Thread 0x0000000014a7a800 nmethod 17378 0x0000000002b9f650 code [0x0000000002b9fac0, 0x0000000002ba3a58]
Event: 6763.972 Thread 0x0000000014a7a800 17383       4       org.gradle.api.internal.collections.FilteredCollection$FilteringIterator::findNext (42 bytes)

GC Heap History (10 events):
Event: 6295.752 GC heap before
{Heap before GC invocations=66 (full 21):
 PSYoungGen      total 273920K, used 146556K [0x00000000eab00000, 0x00000000ff200000, 0x0000000100000000)
  eden space 248320K, 53% used [0x00000000eab00000,0x00000000f2b91ac8,0x00000000f9d80000)
  from space 25600K, 58% used [0x00000000fba00000,0x00000000fc88d7d8,0x00000000fd300000)
  to   space 29184K, 0% used [0x00000000f9d80000,0x00000000f9d80000,0x00000000fba00000)
 ParOldGen       total 98304K, used 51237K [0x00000000c0000000, 0x00000000c6000000, 0x00000000eab00000)
  object space 98304K, 52% used [0x00000000c0000000,0x00000000c3209678,0x00000000c6000000)
 Metaspace       used 59651K, capacity 65954K, committed 67032K, reserved 1105920K
  class space    used 7812K, capacity 9526K, committed 9728K, reserved 1048576K
Event: 6295.774 GC heap after
Heap after GC invocations=66 (full 21):
 PSYoungGen      total 277504K, used 7424K [0x00000000eab00000, 0x00000000fef00000, 0x0000000100000000)
  eden space 248320K, 0% used [0x00000000eab00000,0x00000000eab00000,0x00000000f9d80000)
  from space 29184K, 25% used [0x00000000f9d80000,0x00000000fa4c0020,0x00000000fba00000)
  to   space 27648K, 0% used [0x00000000fd400000,0x00000000fd400000,0x00000000fef00000)
 ParOldGen       total 98304K, used 51237K [0x00000000c0000000, 0x00000000c6000000, 0x00000000eab00000)
  object space 98304K, 52% used [0x00000000c0000000,0x00000000c3209678,0x00000000c6000000)
 Metaspace       used 59651K, capacity 65954K, committed 67032K, reserved 1105920K
  class space    used 7812K, capacity 9526K, committed 9728K, reserved 1048576K
}
Event: 6295.774 GC heap before
{Heap before GC invocations=67 (full 22):
 PSYoungGen      total 277504K, used 7424K [0x00000000eab00000, 0x00000000fef00000, 0x0000000100000000)
  eden space 248320K, 0% used [0x00000000eab00000,0x00000000eab00000,0x00000000f9d80000)
  from space 29184K, 25% used [0x00000000f9d80000,0x00000000fa4c0020,0x00000000fba00000)
  to   space 27648K, 0% used [0x00000000fd400000,0x00000000fd400000,0x00000000fef00000)
 ParOldGen       total 98304K, used 51237K [0x00000000c0000000, 0x00000000c6000000, 0x00000000eab00000)
  object space 98304K, 52% used [0x00000000c0000000,0x00000000c3209678,0x00000000c6000000)
 Metaspace       used 59651K, capacity 65954K, committed 67032K, reserved 1105920K
  class space    used 7812K, capacity 9526K, committed 9728K, reserved 1048576K
Event: 6296.860 GC heap after
Heap after GC invocations=67 (full 22):
 PSYoungGen      total 277504K, used 0K [0x00000000eab00000, 0x00000000fef00000, 0x0000000100000000)
  eden space 248320K, 0% used [0x00000000eab00000,0x00000000eab00000,0x00000000f9d80000)
  from space 29184K, 0% used [0x00000000f9d80000,0x00000000f9d80000,0x00000000fba00000)
  to   space 27648K, 0% used [0x00000000fd400000,0x00000000fd400000,0x00000000fef00000)
 ParOldGen       total 98304K, used 56488K [0x00000000c0000000, 0x00000000c6000000, 0x00000000eab00000)
  object space 98304K, 57% used [0x00000000c0000000,0x00000000c372a1c8,0x00000000c6000000)
 Metaspace       used 59651K, capacity 65954K, committed 67032K, reserved 1105920K
  class space    used 7812K, capacity 9526K, committed 9728K, reserved 1048576K
}
Event: 6699.978 GC heap before
{Heap before GC invocations=68 (full 22):
 PSYoungGen      total 277504K, used 248320K [0x00000000eab00000, 0x00000000fef00000, 0x0000000100000000)
  eden space 248320K, 100% used [0x00000000eab00000,0x00000000f9d80000,0x00000000f9d80000)
  from space 29184K, 0% used [0x00000000f9d80000,0x00000000f9d80000,0x00000000fba00000)
  to   space 27648K, 0% used [0x00000000fd400000,0x00000000fd400000,0x00000000fef00000)
 ParOldGen       total 98304K, used 56488K [0x00000000c0000000, 0x00000000c6000000, 0x00000000eab00000)
  object space 98304K, 57% used [0x00000000c0000000,0x00000000c372a1c8,0x00000000c6000000)
 Metaspace       used 59764K, capacity 66180K, committed 67160K, reserved 1105920K
  class space    used 7824K, capacity 9568K, committed 9856K, reserved 1048576K
Event: 6700.025 GC heap after
Heap after GC invocations=68 (full 22):
 PSYoungGen      total 244736K, used 7002K [0x00000000eab00000, 0x00000000fdb00000, 0x0000000100000000)
  eden space 237568K, 0% used [0x00000000eab00000,0x00000000eab00000,0x00000000f9300000)
  from space 7168K, 97% used [0x00000000fd400000,0x00000000fdad6928,0x00000000fdb00000)
  to   space 26624K, 0% used [0x00000000fa700000,0x00000000fa700000,0x00000000fc100000)
 ParOldGen       total 98304K, used 56488K [0x00000000c0000000, 0x00000000c6000000, 0x00000000eab00000)
  object space 98304K, 57% used [0x00000000c0000000,0x00000000c372a1c8,0x00000000c6000000)
 Metaspace       used 59764K, capacity 66180K, committed 67160K, reserved 1105920K
  class space    used 7824K, capacity 9568K, committed 9856K, reserved 1048576K
}
Event: 6707.615 GC heap before
{Heap before GC invocations=69 (full 22):
 PSYoungGen      total 244736K, used 26521K [0x00000000eab00000, 0x00000000fdb00000, 0x0000000100000000)
  eden space 237568K, 8% used [0x00000000eab00000,0x00000000ebe0fcc8,0x00000000f9300000)
  from space 7168K, 97% used [0x00000000fd400000,0x00000000fdad6928,0x00000000fdb00000)
  to   space 26624K, 0% used [0x00000000fa700000,0x00000000fa700000,0x00000000fc100000)
 ParOldGen       total 98304K, used 56488K [0x00000000c0000000, 0x00000000c6000000, 0x00000000eab00000)
  object space 98304K, 57% used [0x00000000c0000000,0x00000000c372a1c8,0x00000000c6000000)
 Metaspace       used 59767K, capacity 66180K, committed 67160K, reserved 1105920K
  class space    used 7824K, capacity 9568K, committed 9856K, reserved 1048576K
Event: 6708.132 GC heap after
Heap after GC invocations=69 (full 22):
 PSYoungGen      total 238592K, used 816K [0x00000000eab00000, 0x00000000fd480000, 0x0000000100000000)
  eden space 237568K, 0% used [0x00000000eab00000,0x00000000eab00000,0x00000000f9300000)
  from space 1024K, 79% used [0x00000000fa700000,0x00000000fa7cc010,0x00000000fa800000)
  to   space 26624K, 0% used [0x00000000fba80000,0x00000000fba80000,0x00000000fd480000)
 ParOldGen       total 98304K, used 56488K [0x00000000c0000000, 0x00000000c6000000, 0x00000000eab00000)
  object space 98304K, 57% used [0x00000000c0000000,0x00000000c372a1c8,0x00000000c6000000)
 Metaspace       used 59767K, capacity 66180K, committed 67160K, reserved 1105920K
  class space    used 7824K, capacity 9568K, committed 9856K, reserved 1048576K
}
Event: 6708.132 GC heap before
{Heap before GC invocations=70 (full 23):
 PSYoungGen      total 238592K, used 816K [0x00000000eab00000, 0x00000000fd480000, 0x0000000100000000)
  eden space 237568K, 0% used [0x00000000eab00000,0x00000000eab00000,0x00000000f9300000)
  from space 1024K, 79% used [0x00000000fa700000,0x00000000fa7cc010,0x00000000fa800000)
  to   space 26624K, 0% used [0x00000000fba80000,0x00000000fba80000,0x00000000fd480000)
 ParOldGen       total 98304K, used 56488K [0x00000000c0000000, 0x00000000c6000000, 0x00000000eab00000)
  object space 98304K, 57% used [0x00000000c0000000,0x00000000c372a1c8,0x00000000c6000000)
 Metaspace       used 59767K, capacity 66180K, committed 67160K, reserved 1105920K
  class space    used 7824K, capacity 9568K, committed 9856K, reserved 1048576K
Event: 6708.573 GC heap after
Heap after GC invocations=70 (full 23):
 PSYoungGen      total 238592K, used 0K [0x00000000eab00000, 0x00000000fd480000, 0x0000000100000000)
  eden space 237568K, 0% used [0x00000000eab00000,0x00000000eab00000,0x00000000f9300000)
  from space 1024K, 0% used [0x00000000fa700000,0x00000000fa700000,0x00000000fa800000)
  to   space 26624K, 0% used [0x00000000fba80000,0x00000000fba80000,0x00000000fd480000)
 ParOldGen       total 98304K, used 56222K [0x00000000c0000000, 0x00000000c6000000, 0x00000000eab00000)
  object space 98304K, 57% used [0x00000000c0000000,0x00000000c36e7978,0x00000000c6000000)
 Metaspace       used 59767K, capacity 66180K, committed 67160K, reserved 1105920K
  class space    used 7824K, capacity 9568K, committed 9856K, reserved 1048576K
}

Deoptimization events (10 events):
Event: 6163.844 Thread 0x000000001d4d2000 Uncommon trap: reason=class_check action=maybe_recompile pc=0x0000000005307ff0 method=org.codehaus.groovy.runtime.callsite.AbstractCallSite.<init>(Lorg/codehaus/groovy/runtime/callsite/CallSite;)V @ 6
Event: 6163.849 Thread 0x000000001d4d2000 Uncommon trap: reason=class_check action=maybe_recompile pc=0x0000000005307ff0 method=org.codehaus.groovy.runtime.callsite.AbstractCallSite.<init>(Lorg/codehaus/groovy/runtime/callsite/CallSite;)V @ 6
Event: 6163.852 Thread 0x000000001d4d2000 Uncommon trap: reason=class_check action=maybe_recompile pc=0x0000000005307ff0 method=org.codehaus.groovy.runtime.callsite.AbstractCallSite.<init>(Lorg/codehaus/groovy/runtime/callsite/CallSite;)V @ 6
Event: 6163.852 Thread 0x000000001d4d2000 Uncommon trap: reason=class_check action=maybe_recompile pc=0x0000000005307ff0 method=org.codehaus.groovy.runtime.callsite.AbstractCallSite.<init>(Lorg/codehaus/groovy/runtime/callsite/CallSite;)V @ 6
Event: 6164.885 Thread 0x000000001d4d2000 Uncommon trap: reason=unstable_if action=reinterpret pc=0x000000000367f7fc method=org.codehaus.groovy.reflection.CachedMethod.compareToMethod(Ljava/lang/reflect/Method;)I @ 111
Event: 6165.244 Thread 0x000000001d4d2000 Uncommon trap: reason=class_check action=maybe_recompile pc=0x0000000003365bf0 method=com.google.common.reflect.TypeToken.isAssignableFrom(Ljava/lang/reflect/Type;)Z @ 4
Event: 6165.244 Thread 0x000000001d4d2000 Uncommon trap: reason=class_check action=maybe_recompile pc=0x0000000003365bf0 method=com.google.common.reflect.TypeToken.isAssignableFrom(Ljava/lang/reflect/Type;)Z @ 4
Event: 6165.244 Thread 0x000000001d4d2000 Uncommon trap: reason=class_check action=maybe_recompile pc=0x0000000003365bf0 method=com.google.common.reflect.TypeToken.isAssignableFrom(Ljava/lang/reflect/Type;)Z @ 4
Event: 6193.077 Thread 0x000000001d4d2000 Uncommon trap: reason=unstable_if action=reinterpret pc=0x0000000004fd89a8 method=com.sun.org.apache.xerces.internal.dom.ElementImpl.getTagName()Ljava/lang/String; @ 4
Event: 6237.066 Thread 0x000000001d4d2000 Uncommon trap: reason=null_check action=make_not_entrant pc=0x000000000567b5f0 method=com.sun.tools.javac.file.ZipFileIndex.inflate([B[B)I @ 18

Internal exceptions (10 events):
Event: 6228.707 Thread 0x000000001d4d2000 Exception <a 'java/security/PrivilegedActionException'> (0x00000000f92b1020) thrown at [C:\re\workspace\8-2-build-windows-amd64-cygwin\jdk8u45\3627\hotspot\src\share\vm\prims\jvm.cpp, line 1382]
Event: 6235.420 Thread 0x000000001d4d2000 Exception <a 'java/io/FileNotFoundException'> (0x00000000ebead9e0) thrown at [C:\re\workspace\8-2-build-windows-amd64-cygwin\jdk8u45\3627\hotspot\src\share\vm\prims\jni.cpp, line 709]
Event: 6237.066 Thread 0x000000001d4d2000 Implicit null exception at 0x0000000005677c45 to 0x000000000567b5c5
Event: 6626.294 Thread 0x000000001d4d4800 Exception <a 'java/lang/ClassNotFoundException': asLocalRepo38_930wef1r4c7al5wes9pc7kusnBeanInfo> (0x00000000eb4e0340) thrown at [C:\re\workspace\8-2-build-windows-amd64-cygwin\jdk8u45\3627\hotspot\src\share\vm\classfile\systemDictionary.cpp, line 210]
Event: 6626.295 Thread 0x000000001d4d4800 Exception <a 'java/lang/ClassNotFoundException': asLocalRepo38_930wef1r4c7al5wes9pc7kusnCustomizer> (0x00000000eb4e9090) thrown at [C:\re\workspace\8-2-build-windows-amd64-cygwin\jdk8u45\3627\hotspot\src\share\vm\classfile\systemDictionary.cpp, line 210]
Event: 6646.294 Thread 0x000000001d4d4800 Exception <a 'java/security/PrivilegedActionException'> (0x00000000f27b8480) thrown at [C:\re\workspace\8-2-build-windows-amd64-cygwin\jdk8u45\3627\hotspot\src\share\vm\prims\jvm.cpp, line 1382]
Event: 6646.294 Thread 0x000000001d4d4800 Exception <a 'java/security/PrivilegedActionException'> (0x00000000f27b8ae8) thrown at [C:\re\workspace\8-2-build-windows-amd64-cygwin\jdk8u45\3627\hotspot\src\share\vm\prims\jvm.cpp, line 1382]
Event: 6647.918 Thread 0x000000001d4d4800 Exception <a 'java/io/FileNotFoundException'> (0x00000000f42a4508) thrown at [C:\re\workspace\8-2-build-windows-amd64-cygwin\jdk8u45\3627\hotspot\src\share\vm\prims\jni.cpp, line 709]
Event: 6761.703 Thread 0x000000001d4d4800 Exception <a 'java/lang/ClassNotFoundException': asLocalRepo39_a32011h6f2ljlhzco21pwwh9bBeanInfo> (0x00000000eac09480) thrown at [C:\re\workspace\8-2-build-windows-amd64-cygwin\jdk8u45\3627\hotspot\src\share\vm\classfile\systemDictionary.cpp, line 210]
Event: 6761.703 Thread 0x000000001d4d4800 Exception <a 'java/lang/ClassNotFoundException': asLocalRepo39_a32011h6f2ljlhzco21pwwh9bCustomizer> (0x00000000eac121d0) thrown at [C:\re\workspace\8-2-build-windows-amd64-cygwin\jdk8u45\3627\hotspot\src\share\vm\classfile\systemDictionary.cpp, line 210]

Events (10 events):
Event: 6761.782 loading class groovy/runtime/metaclass/asLocalRepo39_a32011h6f2ljlhzco21pwwh9b$_run_closure1_closure2MetaClass
Event: 6761.782 loading class groovy/runtime/metaclass/asLocalRepo39_a32011h6f2ljlhzco21pwwh9b$_run_closure1_closure2MetaClass done
Event: 6761.783 loading class asLocalRepo39_a32011h6f2ljlhzco21pwwh9b$_run_closure1_closure2_closure3
Event: 6761.783 loading class asLocalRepo39_a32011h6f2ljlhzco21pwwh9b$_run_closure1_closure2_closure3 done
Event: 6761.784 loading class groovy/runtime/metaclass/asLocalRepo39_a32011h6f2ljlhzco21pwwh9b$_run_closure1_closure2_closure3MetaClass
Event: 6761.784 loading class groovy/runtime/metaclass/asLocalRepo39_a32011h6f2ljlhzco21pwwh9b$_run_closure1_closure2_closure3MetaClass done
Event: 6761.784 loading class asLocalRepo39_a32011h6f2ljlhzco21pwwh9b$_run_closure1_closure2_closure3_closure4
Event: 6761.784 loading class asLocalRepo39_a32011h6f2ljlhzco21pwwh9b$_run_closure1_closure2_closure3_closure4 done
Event: 6761.786 loading class groovy/runtime/metaclass/asLocalRepo39_a32011h6f2ljlhzco21pwwh9b$_run_closure1_closure2_closure3_closure4MetaClass
Event: 6761.786 loading class groovy/runtime/metaclass/asLocalRepo39_a32011h6f2ljlhzco21pwwh9b$_run_closure1_closure2_closure3_closure4MetaClass done


Dynamic libraries:
0x00007ff6d7940000 - 0x00007ff6d7977000 	C:\Program Files\Java\jdk1.8.0_45\bin\java.exe
0x00007ffc97db0000 - 0x00007ffc97f71000 	C:\WINDOWS\SYSTEM32\ntdll.dll
0x00007ffc97b30000 - 0x00007ffc97bdd000 	C:\WINDOWS\system32\KERNEL32.DLL
0x00007ffc94d10000 - 0x00007ffc94ef8000 	C:\WINDOWS\system32\KERNELBASE.dll
0x00007ffc979b0000 - 0x00007ffc97a57000 	C:\WINDOWS\system32\ADVAPI32.dll
0x00007ffc95360000 - 0x00007ffc953fd000 	C:\WINDOWS\system32\msvcrt.dll
0x00007ffc97bf0000 - 0x00007ffc97c4b000 	C:\WINDOWS\system32\sechost.dll
0x00007ffc97890000 - 0x00007ffc979ac000 	C:\WINDOWS\system32\RPCRT4.dll
0x00007ffc97c50000 - 0x00007ffc97da6000 	C:\WINDOWS\system32\USER32.dll
0x00007ffc951d0000 - 0x00007ffc95356000 	C:\WINDOWS\system32\GDI32.dll
0x00007ffc8b130000 - 0x00007ffc8b3a4000 	C:\WINDOWS\WinSxS\amd64_microsoft.windows.common-controls_6595b64144ccf1df_6.0.10586.494_none_a2d8b04ea53e3145\COMCTL32.dll
0x00007ffc97450000 - 0x00007ffc976cd000 	C:\WINDOWS\system32\combase.dll
0x00007ffc94ca0000 - 0x00007ffc94d0a000 	C:\WINDOWS\system32\bcryptPrimitives.dll
0x00007ffc97200000 - 0x00007ffc9723b000 	C:\WINDOWS\system32\IMM32.DLL
0x000000005d9d0000 - 0x000000005daa2000 	C:\Program Files\Java\jdk1.8.0_45\jre\bin\msvcr100.dll
0x000000005b870000 - 0x000000005c0f3000 	C:\Program Files\Java\jdk1.8.0_45\jre\bin\server\jvm.dll
0x00007ffc97be0000 - 0x00007ffc97be8000 	C:\WINDOWS\system32\PSAPI.DLL
0x00007ffc88020000 - 0x00007ffc88029000 	C:\WINDOWS\SYSTEM32\WSOCK32.dll
0x00007ffc92b00000 - 0x00007ffc92b23000 	C:\WINDOWS\SYSTEM32\WINMM.dll
0x00007ffc91710000 - 0x00007ffc9171a000 	C:\WINDOWS\SYSTEM32\VERSION.dll
0x00007ffc95510000 - 0x00007ffc9557b000 	C:\WINDOWS\system32\WS2_32.dll
0x00007ffc92aa0000 - 0x00007ffc92acc000 	C:\WINDOWS\SYSTEM32\WINMMBASE.dll
0x00007ffc95160000 - 0x00007ffc951a3000 	C:\WINDOWS\system32\cfgmgr32.dll
0x000000005e010000 - 0x000000005e01f000 	C:\Program Files\Java\jdk1.8.0_45\jre\bin\verify.dll
0x000000005dfe0000 - 0x000000005e009000 	C:\Program Files\Java\jdk1.8.0_45\jre\bin\java.dll
0x000000005dfc0000 - 0x000000005dfd6000 	C:\Program Files\Java\jdk1.8.0_45\jre\bin\zip.dll
0x00007ffc95850000 - 0x00007ffc96dac000 	C:\WINDOWS\system32\SHELL32.dll
0x00007ffc945a0000 - 0x00007ffc94be5000 	C:\WINDOWS\system32\windows.storage.dll
0x00007ffc956d0000 - 0x00007ffc95722000 	C:\WINDOWS\system32\shlwapi.dll
0x00007ffc94450000 - 0x00007ffc9445f000 	C:\WINDOWS\system32\kernel.appcore.dll
0x00007ffc944e0000 - 0x00007ffc94595000 	C:\WINDOWS\system32\shcore.dll
0x00007ffc943f0000 - 0x00007ffc9443b000 	C:\WINDOWS\system32\powrprof.dll
0x00007ffc943d0000 - 0x00007ffc943e4000 	C:\WINDOWS\system32\profapi.dll
0x000000005dfa0000 - 0x000000005dfba000 	C:\Program Files\Java\jdk1.8.0_45\jre\bin\net.dll
0x00007ffc93ca0000 - 0x00007ffc93cfc000 	C:\WINDOWS\system32\mswsock.dll
0x000000005df80000 - 0x000000005df91000 	C:\Program Files\Java\jdk1.8.0_45\jre\bin\nio.dll
0x00007ffc8a4e0000 - 0x00007ffc8a4f2000 	C:\Users\Tshepo Lebusa\.gradle\native\19\windows-amd64\native-platform.dll
0x00007ffc8f370000 - 0x00007ffc8f3a8000 	C:\WINDOWS\SYSTEM32\IPHLPAPI.DLL
0x00007ffc951b0000 - 0x00007ffc951b8000 	C:\WINDOWS\system32\NSI.dll
0x00007ffc8bd30000 - 0x00007ffc8bd46000 	C:\WINDOWS\SYSTEM32\dhcpcsvc6.DLL
0x00007ffc8bd70000 - 0x00007ffc8bd8a000 	C:\WINDOWS\SYSTEM32\dhcpcsvc.DLL
0x00007ffc93d50000 - 0x00007ffc93d67000 	C:\WINDOWS\SYSTEM32\CRYPTSP.dll
0x00007ffc939e0000 - 0x00007ffc93a14000 	C:\WINDOWS\system32\rsaenh.dll
0x00007ffc94300000 - 0x00007ffc94329000 	C:\WINDOWS\SYSTEM32\bcrypt.dll
0x00007ffc93b30000 - 0x00007ffc93b4f000 	C:\WINDOWS\SYSTEM32\USERENV.dll
0x00007ffc942f0000 - 0x00007ffc942fb000 	C:\WINDOWS\SYSTEM32\CRYPTBASE.dll
0x00007ffc78f60000 - 0x00007ffc78f76000 	C:\WINDOWS\system32\napinsp.dll
0x00007ffc799b0000 - 0x00007ffc799ca000 	C:\WINDOWS\system32\pnrpnsp.dll
0x00007ffc91850000 - 0x00007ffc91868000 	C:\WINDOWS\system32\NLAapi.dll
0x00007ffc92e40000 - 0x00007ffc92eea000 	C:\WINDOWS\SYSTEM32\DNSAPI.dll
0x00007ffc81850000 - 0x00007ffc8185d000 	C:\WINDOWS\System32\winrnr.dll
0x000000005ef30000 - 0x000000005ef56000 	C:\Program Files\Bonjour\mdnsNSP.dll
0x00007ffc88ce0000 - 0x00007ffc88cf5000 	C:\WINDOWS\System32\wshbth.dll
0x00007ffc87f20000 - 0x00007ffc87f2a000 	C:\Windows\System32\rasadhlp.dll
0x00007ffc8aeb0000 - 0x00007ffc8af17000 	C:\WINDOWS\System32\fwpuclnt.dll
0x000000005dd80000 - 0x000000005dd8d000 	C:\Program Files\Java\jdk1.8.0_45\jre\bin\management.dll
0x00007ffc90f70000 - 0x00007ffc910fc000 	C:\WINDOWS\SYSTEM32\dbghelp.dll

VM Arguments:
jvm_args: -XX:MaxPermSize=256m -XX:+HeapDumpOnOutOfMemoryError -Xmx1024m -Dfile.encoding=windows-1252 -Duser.country=GB -Duser.language=en -Duser.variant 
java_command: org.gradle.launcher.daemon.bootstrap.GradleDaemon 2.4 C:\Users\Tshepo Lebusa\.gradle C:\Users\Tshepo Lebusa\.gradle\daemon 10800000 91147318-e756-4a5c-9ac0-9a3f42bc11aa -XX:MaxPermSize=256m -XX:+HeapDumpOnOutOfMemoryError -Xmx1024m -Dfile.encoding=windows-1252 -Duser.country=GB -Duser.language=en -Duser.variant
java_class_path (initial): C:\Users\Tshepo Lebusa\.gradle\wrapper\dists\gradle-2.4-all\6r4uqcc6ovnq6ac6s0txzcpc0\gradle-2.4\lib\gradle-launcher-2.4.jar
Launcher Type: SUN_STANDARD

Environment Variables:
PATH=C:\ProgramData\Oracle\Java\javapath;C:\WINDOWS\system32;C:\WINDOWS;C:\WINDOWS\System32\Wbem;C:\WINDOWS\System32\WindowsPowerShell\v1.0\;C:\Program Files (x86)\Microsoft ASP.NET\ASP.NET Web Pages\v1.0\;C:\Program Files\Microsoft SQL Server\110\Tools\Binn\;C:\Program Files\Git\cmd;C:\Program Files (x86)\Skype\Phone\;C:\Program Files\Microsoft SQL Server\Client SDK\ODBC\110\Tools\Binn\;C:\Program Files (x86)\Microsoft SQL Server\120\Tools\Binn\;C:\Program Files\Microsoft SQL Server\120\Tools\Binn\;C:\Program Files\Microsoft SQL Server\120\DTS\Binn\;C:\Program Files\Microsoft SQL Server\130\Tools\Binn\;C:\Program Files (x86)\Windows Kits\10\Windows Performance Toolkit\;C:\Program Files\Microsoft\Web Platform Installer\;C:\Program Files\Java\jdk1.8.0_45\bin
USERNAME=Tshepo Lebusa
OS=Windows_NT
PROCESSOR_IDENTIFIER=Intel64 Family 6 Model 42 Stepping 7, GenuineIntel



---------------  S Y S T E M  ---------------

OS: Windows 10.0 , 64 bit Build 10586 (10.0.10586.0)

CPU:total 4 (2 cores per cpu, 2 threads per core) family 6 model 42 stepping 7, cmov, cx8, fxsr, mmx, sse, sse2, sse3, ssse3, sse4.1, sse4.2, popcnt, avx, clmul, ht, tsc, tscinvbit

Memory: 4k page, physical 3968544k(769752k free), swap 5991720k(1329660k free)

vm_info: Java HotSpot(TM) 64-Bit Server VM (25.45-b02) for windows-amd64 JRE (1.8.0_45-b15), built on Apr 30 2015 12:40:44 by "java_re" with MS VC++ 10.0 (VS2010)

time: Mon Sep 12 13:36:05 2016
elapsed time: 6765 seconds (0d 1h 52m 45s)

